<?xml version="1.0" encoding="UTF-8"?>
<testsuite name="com.test.flyBot.helper.requestor.specClass" tests="11" skipped="0" failures="0" errors="0" timestamp="2019-04-02T17:00:02" hostname="Dark-Knight-PC" time="15.279">
  <properties/>
  <testcase name=" (1) Request is made with a valid bank account of Austria" classname="com.test.flyBot.helper.requestor.specClass" time="6.414"/>
  <testcase name=" (2) Request is made with a valid bank account of Germany" classname="com.test.flyBot.helper.requestor.specClass" time="2.317"/>
  <testcase name=" (3) Request is made with a valid bank account of Switzerland" classname="com.test.flyBot.helper.requestor.specClass" time="1.845"/>
  <testcase name=" (4) Request is made with a valid bank account of Finland" classname="com.test.flyBot.helper.requestor.specClass" time="1.03"/>
  <testcase name=" (5) Request is made with a valid bank account of Sweden" classname="com.test.flyBot.helper.requestor.specClass" time="0.346"/>
  <testcase name=" (6) Request is made with a valid bank account of Norway" classname="com.test.flyBot.helper.requestor.specClass" time="0.4"/>
  <testcase name=" (7) Request is made with a valid bank account of Denmark" classname="com.test.flyBot.helper.requestor.specClass" time="0.425"/>
  <testcase name=" (8) Request is made with a valid bank account of non supported countries" classname="com.test.flyBot.helper.requestor.specClass" time="0.751"/>
  <testcase name=" (9) Request is made with an invalid bank account" classname="com.test.flyBot.helper.requestor.specClass" time="0.987"/>
  <testcase name="Request is made with short (&lt;7) length" classname="com.test.flyBot.helper.requestor.specClass" time="0.447"/>
  <testcase name="Request is made with long (&gt;34) length" classname="com.test.flyBot.helper.requestor.specClass" time="0.299"/>
  <system-out><![CDATA[2019-04-02 23:00:02,444 WARN  -  Failed to create instance of com.athaydes.spockframework.report.internal.HtmlReportCreator 
 groovy.lang.MissingPropertyException: No such property: enabled for class: com.athaydes.spockframework.report.internal.HtmlReportCreator
	at org.codehaus.groovy.runtime.ScriptBytecodeAdapter.unwrap(ScriptBytecodeAdapter.java:51)
	at org.codehaus.groovy.runtime.ScriptBytecodeAdapter.setProperty(ScriptBytecodeAdapter.java:484)
	at com.athaydes.spockframework.report.SpockReportExtension$_configReportCreator_closure3.doCall(SpockReportExtension.groovy:101)
	at sun.reflect.NativeMethodAccessorImpl.invoke0(Native Method)
	at sun.reflect.NativeMethodAccessorImpl.invoke(NativeMethodAccessorImpl.java:62)
	at sun.reflect.DelegatingMethodAccessorImpl.invoke(DelegatingMethodAccessorImpl.java:43)
	at java.lang.reflect.Method.invoke(Method.java:498)
	at org.codehaus.groovy.reflection.CachedMethod.invoke(CachedMethod.java:90)
	at groovy.lang.MetaMethod.doMethodInvoke(MetaMethod.java:324)
	at org.codehaus.groovy.runtime.metaclass.ClosureMetaClass.invokeMethod(ClosureMetaClass.java:292)
	at groovy.lang.MetaClassImpl.invokeMethod(MetaClassImpl.java:1016)
	at groovy.lang.Closure.call(Closure.java:423)
	at org.codehaus.groovy.runtime.DefaultGroovyMethods.callClosureForMapEntry(DefaultGroovyMethods.java:5223)
	at org.codehaus.groovy.runtime.DefaultGroovyMethods.each(DefaultGroovyMethods.java:2104)
	at org.codehaus.groovy.runtime.dgm$163.invoke(Unknown Source)
	at org.codehaus.groovy.runtime.callsite.PojoMetaMethodSite$PojoMetaMethodSiteNoUnwrapNoCoerce.invoke(PojoMetaMethodSite.java:271)
	at org.codehaus.groovy.runtime.callsite.PojoMetaMethodSite.call(PojoMetaMethodSite.java:53)
	at org.codehaus.groovy.runtime.callsite.CallSiteArray.defaultCall(CallSiteArray.java:45)
	at org.codehaus.groovy.runtime.callsite.AbstractCallSite.call(AbstractCallSite.java:110)
	at org.codehaus.groovy.runtime.callsite.AbstractCallSite.call(AbstractCallSite.java:122)
	at com.athaydes.spockframework.report.SpockReportExtension.configReportCreator(SpockReportExtension.groovy:100)
	at com.athaydes.spockframework.report.SpockReportExtension.this$2$configReportCreator(SpockReportExtension.groovy)
	at sun.reflect.NativeMethodAccessorImpl.invoke0(Native Method)
	at sun.reflect.NativeMethodAccessorImpl.invoke(NativeMethodAccessorImpl.java:62)
	at sun.reflect.DelegatingMethodAccessorImpl.invoke(DelegatingMethodAccessorImpl.java:43)
	at java.lang.reflect.Method.invoke(Method.java:498)
	at org.codehaus.groovy.runtime.callsite.PogoMetaMethodSite$PogoCachedMethodSiteNoUnwrapNoCoerce.invoke(PogoMetaMethodSite.java:207)
	at org.codehaus.groovy.runtime.callsite.PogoMetaMethodSite.callCurrent(PogoMetaMethodSite.java:56)
	at org.codehaus.groovy.runtime.callsite.CallSiteArray.defaultCallCurrent(CallSiteArray.java:49)
	at org.codehaus.groovy.runtime.callsite.AbstractCallSite.callCurrent(AbstractCallSite.java:151)
	at org.codehaus.groovy.runtime.callsite.AbstractCallSite.callCurrent(AbstractCallSite.java:163)
	at com.athaydes.spockframework.report.SpockReportExtension.start(SpockReportExtension.groovy:40)
	at org.spockframework.runtime.GlobalExtensionRegistry.startGlobalExtensions(GlobalExtensionRegistry.java:105)
	at org.spockframework.runtime.RunContext.start(RunContext.java:63)
	at org.spockframework.runtime.RunContext.get(RunContext.java:165)
	at org.spockframework.runtime.Sputnik.runExtensionsIfNecessary(Sputnik.java:88)
	at org.spockframework.runtime.Sputnik.run(Sputnik.java:61)
	at org.gradle.api.internal.tasks.testing.junit.JUnitTestClassExecuter.runTestClass(JUnitTestClassExecuter.java:114)
	at org.gradle.api.internal.tasks.testing.junit.JUnitTestClassExecuter.execute(JUnitTestClassExecuter.java:57)
	at org.gradle.api.internal.tasks.testing.junit.JUnitTestClassProcessor.processTestClass(JUnitTestClassProcessor.java:66)
	at org.gradle.api.internal.tasks.testing.SuiteTestClassProcessor.processTestClass(SuiteTestClassProcessor.java:51)
	at sun.reflect.NativeMethodAccessorImpl.invoke0(Native Method)
	at sun.reflect.NativeMethodAccessorImpl.invoke(NativeMethodAccessorImpl.java:62)
	at sun.reflect.DelegatingMethodAccessorImpl.invoke(DelegatingMethodAccessorImpl.java:43)
	at java.lang.reflect.Method.invoke(Method.java:498)
	at org.gradle.internal.dispatch.ReflectionDispatch.dispatch(ReflectionDispatch.java:35)
	at org.gradle.internal.dispatch.ReflectionDispatch.dispatch(ReflectionDispatch.java:24)
	at org.gradle.internal.dispatch.ContextClassLoaderDispatch.dispatch(ContextClassLoaderDispatch.java:32)
	at org.gradle.internal.dispatch.ProxyDispatchAdapter$DispatchingInvocationHandler.invoke(ProxyDispatchAdapter.java:93)
	at com.sun.proxy.$Proxy1.processTestClass(Unknown Source)
	at org.gradle.api.internal.tasks.testing.worker.TestWorker.processTestClass(TestWorker.java:108)
	at sun.reflect.NativeMethodAccessorImpl.invoke0(Native Method)
	at sun.reflect.NativeMethodAccessorImpl.invoke(NativeMethodAccessorImpl.java:62)
	at sun.reflect.DelegatingMethodAccessorImpl.invoke(DelegatingMethodAccessorImpl.java:43)
	at java.lang.reflect.Method.invoke(Method.java:498)
	at org.gradle.internal.dispatch.ReflectionDispatch.dispatch(ReflectionDispatch.java:35)
	at org.gradle.internal.dispatch.ReflectionDispatch.dispatch(ReflectionDispatch.java:24)
	at org.gradle.internal.remote.internal.hub.MessageHubBackedObjectConnection$DispatchWrapper.dispatch(MessageHubBackedObjectConnection.java:146)
	at org.gradle.internal.remote.internal.hub.MessageHubBackedObjectConnection$DispatchWrapper.dispatch(MessageHubBackedObjectConnection.java:128)
	at org.gradle.internal.remote.internal.hub.MessageHub$Handler.run(MessageHub.java:404)
	at org.gradle.internal.concurrent.ExecutorPolicy$CatchAndRecordFailures.onExecute(ExecutorPolicy.java:63)
	at org.gradle.internal.concurrent.ManagedExecutorImpl$1.run(ManagedExecutorImpl.java:46)
	at java.util.concurrent.ThreadPoolExecutor.runWorker(ThreadPoolExecutor.java:1149)
	at java.util.concurrent.ThreadPoolExecutor$Worker.run(ThreadPoolExecutor.java:624)
	at org.gradle.internal.concurrent.ThreadFactoryImpl$ManagedThreadRunnable.run(ThreadFactoryImpl.java:55)
	at java.lang.Thread.run(Thread.java:748)
2019-04-02 23:00:02,550 INFO  -  

================================== Scenario (Sync) -  (1) Request is made with a valid bank account of Austria =======================================
 
 2019-04-02 23:00:02,554 INFO  -  ----------------------------a valid bank account of Austria is provided---------------------------- 
 2019-04-02 23:00:02,573 INFO  -  Bank Account: AT726783948932735442 
 2019-04-02 23:00:02,573 INFO  -  We check for a bank account validation 
 2019-04-02 23:00:02,945 INFO  -  
Request URL: https://dev.horizonafs.com/ecommercerest/api/v3/validate/bank-account
Request data : {"bankAccount":"AT726783948932735442"} 
 2019-04-02 23:00:08,936 INFO  -  
Request header [X-Auth-Key:Q7DaxRnFls6IpwSW1SQ2FaTFOf7UdReAFNoKY68L] 
 2019-04-02 23:00:08,943 INFO  -  This is the response {"isValid":true} 
 2019-04-02 23:00:08,950 INFO  -  This is the response Code 200 
 2019-04-02 23:00:08,952 INFO  -  we check if the response is correct or not 
 2019-04-02 23:00:08,953 INFO  -  Expected responseCode is 200 
 2019-04-02 23:00:08,953 INFO  -  This is the response 200 
 2019-04-02 23:00:08,953 INFO  -  Response is expected 
 2019-04-02 23:00:08,961 INFO  -  

================================== Scenario (Sync) -  (2) Request is made with a valid bank account of Germany =======================================
 
 2019-04-02 23:00:08,961 INFO  -  ----------------------------a valid bank account of Germany is provided---------------------------- 
 2019-04-02 23:00:08,962 INFO  -  Bank Account: DE22465275712830933870 
 2019-04-02 23:00:08,962 INFO  -  We check for a bank account validation 
 2019-04-02 23:00:08,963 INFO  -  
Request URL: https://dev.horizonafs.com/ecommercerest/api/v3/validate/bank-account
Request data : {"bankAccount":"DE22465275712830933870"} 
 2019-04-02 23:00:11,269 INFO  -  
Request header [X-Auth-Key:Q7DaxRnFls6IpwSW1SQ2FaTFOf7UdReAFNoKY68L] 
 2019-04-02 23:00:11,270 INFO  -  This is the response {"isValid":true} 
 2019-04-02 23:00:11,272 INFO  -  This is the response Code 200 
 2019-04-02 23:00:11,273 INFO  -  we check if the response is correct or not 
 2019-04-02 23:00:11,274 INFO  -  Expected responseCode is 200 
 2019-04-02 23:00:11,275 INFO  -  This is the response 200 
 2019-04-02 23:00:11,276 INFO  -  Response is expected 
 2019-04-02 23:00:11,281 INFO  -  

================================== Scenario (Sync) -  (3) Request is made with a valid bank account of Switzerland =======================================
 
 2019-04-02 23:00:11,282 INFO  -  ----------------------------a valid bank account of Switzerland is provided---------------------------- 
 2019-04-02 23:00:11,284 INFO  -  Bank Account: CH1739298M1BSFQDPHN60 
 2019-04-02 23:00:11,287 INFO  -  We check for a bank account validation 
 2019-04-02 23:00:11,289 INFO  -  
Request URL: https://dev.horizonafs.com/ecommercerest/api/v3/validate/bank-account
Request data : {"bankAccount":"CH1739298M1BSFQDPHN60"} 
 2019-04-02 23:00:13,116 INFO  -  
Request header [X-Auth-Key:Q7DaxRnFls6IpwSW1SQ2FaTFOf7UdReAFNoKY68L] 
 2019-04-02 23:00:13,118 INFO  -  This is the response {"isValid":true} 
 2019-04-02 23:00:13,119 INFO  -  This is the response Code 200 
 2019-04-02 23:00:13,120 INFO  -  we check if the response is correct or not 
 2019-04-02 23:00:13,121 INFO  -  Expected responseCode is 200 
 2019-04-02 23:00:13,122 INFO  -  This is the response 200 
 2019-04-02 23:00:13,123 INFO  -  Response is expected 
 2019-04-02 23:00:13,127 INFO  -  

================================== Scenario (Sync) -  (4) Request is made with a valid bank account of Finland =======================================
 
 2019-04-02 23:00:13,128 INFO  -  ----------------------------a valid bank account of Finland is provided---------------------------- 
 2019-04-02 23:00:13,132 INFO  -  Bank Account: FI1799040698605631 
 2019-04-02 23:00:13,134 INFO  -  We check for a bank account validation 
 2019-04-02 23:00:13,135 INFO  -  
Request URL: https://dev.horizonafs.com/ecommercerest/api/v3/validate/bank-account
Request data : {"bankAccount":"FI1799040698605631"} 
 2019-04-02 23:00:14,145 INFO  -  
Request header [X-Auth-Key:Q7DaxRnFls6IpwSW1SQ2FaTFOf7UdReAFNoKY68L] 
 2019-04-02 23:00:14,148 INFO  -  This is the response {"isValid":false,"riskCheckMessages":[{"actionCode":"AskConsumerToReEnterData","code":"200.909","customerFacingMessage":"Die Kontonummer dieses Landes wird f\u00fcr diesen AfterPay-H\u00e4ndler nicht unterst\u00fctzt","fieldReference":"bankAccount","message":"Account number from this country is not supported for this AfterPay merchant.","type":"BusinessError"}]} 
 2019-04-02 23:00:14,149 INFO  -  This is the response Code 200 
 2019-04-02 23:00:14,150 INFO  -  we check if the response is correct or not 
 2019-04-02 23:00:14,152 INFO  -  Expected responseCode is 200.909 
 2019-04-02 23:00:14,153 INFO  -  This is the response 200 
 2019-04-02 23:00:14,155 INFO  -  Response is expected 
 2019-04-02 23:00:14,166 INFO  -  

================================== Scenario (Sync) -  (5) Request is made with a valid bank account of Sweden =======================================
 
 2019-04-02 23:00:14,168 INFO  -  ----------------------------a valid bank account of Sweden is provided---------------------------- 
 2019-04-02 23:00:14,170 INFO  -  Bank Account: SE4149947031485433380165 
 2019-04-02 23:00:14,171 INFO  -  We check for a bank account validation 
 2019-04-02 23:00:14,173 INFO  -  
Request URL: https://dev.horizonafs.com/ecommercerest/api/v3/validate/bank-account
Request data : {"bankAccount":"SE4149947031485433380165"} 
 2019-04-02 23:00:14,492 INFO  -  
Request header [X-Auth-Key:Q7DaxRnFls6IpwSW1SQ2FaTFOf7UdReAFNoKY68L] 
 2019-04-02 23:00:14,494 INFO  -  This is the response {"isValid":false,"riskCheckMessages":[{"actionCode":"AskConsumerToReEnterData","code":"200.909","customerFacingMessage":"Die Kontonummer dieses Landes wird f\u00fcr diesen AfterPay-H\u00e4ndler nicht unterst\u00fctzt","fieldReference":"bankAccount","message":"Account number from this country is not supported for this AfterPay merchant.","type":"BusinessError"}]} 
 2019-04-02 23:00:14,495 INFO  -  This is the response Code 200 
 2019-04-02 23:00:14,496 INFO  -  we check if the response is correct or not 
 2019-04-02 23:00:14,503 INFO  -  Expected responseCode is 200.909 
 2019-04-02 23:00:14,505 INFO  -  This is the response 200 
 2019-04-02 23:00:14,505 INFO  -  Response is expected 
 2019-04-02 23:00:14,508 INFO  -  

================================== Scenario (Sync) -  (6) Request is made with a valid bank account of Norway =======================================
 
 2019-04-02 23:00:14,509 INFO  -  ----------------------------a valid bank account of Norway is provided---------------------------- 
 2019-04-02 23:00:14,510 INFO  -  Bank Account: NO5478032679014 
 2019-04-02 23:00:14,511 INFO  -  We check for a bank account validation 
 2019-04-02 23:00:14,512 INFO  -  
Request URL: https://dev.horizonafs.com/ecommercerest/api/v3/validate/bank-account
Request data : {"bankAccount":"NO5478032679014"} 
 2019-04-02 23:00:14,899 INFO  -  
Request header [X-Auth-Key:Q7DaxRnFls6IpwSW1SQ2FaTFOf7UdReAFNoKY68L] 
 2019-04-02 23:00:14,901 INFO  -  This is the response {"isValid":false,"riskCheckMessages":[{"actionCode":"AskConsumerToReEnterData","code":"200.909","customerFacingMessage":"Die Kontonummer dieses Landes wird f\u00fcr diesen AfterPay-H\u00e4ndler nicht unterst\u00fctzt","fieldReference":"bankAccount","message":"Account number from this country is not supported for this AfterPay merchant.","type":"BusinessError"}]} 
 2019-04-02 23:00:14,902 INFO  -  This is the response Code 200 
 2019-04-02 23:00:14,903 INFO  -  we check if the response is correct or not 
 2019-04-02 23:00:14,905 INFO  -  Expected responseCode is 200.909 
 2019-04-02 23:00:14,907 INFO  -  This is the response 200 
 2019-04-02 23:00:14,908 INFO  -  Response is expected 
 2019-04-02 23:00:14,911 INFO  -  

================================== Scenario (Sync) -  (7) Request is made with a valid bank account of Denmark =======================================
 
 2019-04-02 23:00:14,913 INFO  -  ----------------------------a valid bank account of Denmark is provided---------------------------- 
 2019-04-02 23:00:14,914 INFO  -  Bank Account: DK9137565337984117 
 2019-04-02 23:00:14,915 INFO  -  We check for a bank account validation 
 2019-04-02 23:00:14,916 INFO  -  
Request URL: https://dev.horizonafs.com/ecommercerest/api/v3/validate/bank-account
Request data : {"bankAccount":"DK9137565337984117"} 
 2019-04-02 23:00:15,327 INFO  -  
Request header [X-Auth-Key:Q7DaxRnFls6IpwSW1SQ2FaTFOf7UdReAFNoKY68L] 
 2019-04-02 23:00:15,329 INFO  -  This is the response {"isValid":false,"riskCheckMessages":[{"actionCode":"AskConsumerToReEnterData","code":"200.909","customerFacingMessage":"Die Kontonummer dieses Landes wird f\u00fcr diesen AfterPay-H\u00e4ndler nicht unterst\u00fctzt","fieldReference":"bankAccount","message":"Account number from this country is not supported for this AfterPay merchant.","type":"BusinessError"}]} 
 2019-04-02 23:00:15,330 INFO  -  This is the response Code 200 
 2019-04-02 23:00:15,331 INFO  -  we check if the response is correct or not 
 2019-04-02 23:00:15,332 INFO  -  Expected responseCode is 200.909 
 2019-04-02 23:00:15,333 INFO  -  This is the response 200 
 2019-04-02 23:00:15,334 INFO  -  Response is expected 
 2019-04-02 23:00:15,340 INFO  -  

================================== Scenario (Sync) -  (8) Request is made with a valid bank account of non supported countries =======================================
 
 2019-04-02 23:00:15,342 INFO  -  ----------------------------a valid bank account of non supported country is provided---------------------------- 
 2019-04-02 23:00:15,345 INFO  -  Bank Account: AD9559928860GNZVMUS9RIJS 
 2019-04-02 23:00:15,346 INFO  -  We check for a bank account validation 
 2019-04-02 23:00:15,348 INFO  -  
Request URL: https://dev.horizonafs.com/ecommercerest/api/v3/validate/bank-account
Request data : {"bankAccount":"AD9559928860GNZVMUS9RIJS"} 
 2019-04-02 23:00:16,082 INFO  -  
Request header [X-Auth-Key:Q7DaxRnFls6IpwSW1SQ2FaTFOf7UdReAFNoKY68L] 
 2019-04-02 23:00:16,084 INFO  -  This is the response {"isValid":false,"riskCheckMessages":[{"actionCode":"AskConsumerToReEnterData","code":"200.909","customerFacingMessage":"Die Kontonummer dieses Landes wird f\u00fcr diesen AfterPay-H\u00e4ndler nicht unterst\u00fctzt","fieldReference":"bankAccount","message":"Account number from this country is not supported for this AfterPay merchant.","type":"BusinessError"}]} 
 2019-04-02 23:00:16,085 INFO  -  This is the response Code 200 
 2019-04-02 23:00:16,086 INFO  -  we check if the response is correct or not 
 2019-04-02 23:00:16,087 INFO  -  Expected responseCode is 200.909 
 2019-04-02 23:00:16,089 INFO  -  This is the response 200 
 2019-04-02 23:00:16,090 INFO  -  Response is expected 
 2019-04-02 23:00:16,093 INFO  -  

================================== Scenario (Sync) -  (9) Request is made with an invalid bank account =======================================
 
 2019-04-02 23:00:16,094 INFO  -  ----------------------------an invalid bank account is provided---------------------------- 
 2019-04-02 23:00:16,096 INFO  -  Bank Account: SK7340978599584813281064 
 2019-04-02 23:00:16,097 INFO  -  We check for a bank account validation 
 2019-04-02 23:00:16,098 INFO  -  
Request URL: https://dev.horizonafs.com/ecommercerest/api/v3/validate/bank-account
Request data : {"bankAccount":"SK7340978599584813281064156"} 
 2019-04-02 23:00:17,074 INFO  -  
Request header [X-Auth-Key:Q7DaxRnFls6IpwSW1SQ2FaTFOf7UdReAFNoKY68L] 
 2019-04-02 23:00:17,075 INFO  -  This is the response {"isValid":false,"riskCheckMessages":[{"actionCode":"AskConsumerToReEnterData","code":"200.909","customerFacingMessage":"Die Kontonummer dieses Landes wird f\u00fcr diesen AfterPay-H\u00e4ndler nicht unterst\u00fctzt","fieldReference":"bankAccount","message":"Account number from this country is not supported for this AfterPay merchant.","type":"BusinessError"}]} 
 2019-04-02 23:00:17,076 INFO  -  This is the response Code 200 
 2019-04-02 23:00:17,076 INFO  -  we check if the response is correct or not 
 2019-04-02 23:00:17,077 INFO  -  Expected responseCode is 200.909 
 2019-04-02 23:00:17,077 INFO  -  This is the response 200 
 2019-04-02 23:00:17,078 INFO  -  Response is expected 
 2019-04-02 23:00:17,080 INFO  -  

================================== Scenario (Sync) - Request is made with short (<7) length =======================================
 
 2019-04-02 23:00:17,081 INFO  -  ----------------------------an invalid bank account is provided---------------------------- 
 2019-04-02 23:00:17,087 INFO  -  Bank Account: SE7151 
 2019-04-02 23:00:17,088 INFO  -  We check for a bank account validation 
 2019-04-02 23:00:17,091 INFO  -  
Request URL: https://dev.horizonafs.com/ecommercerest/api/v3/validate/bank-account
Request data : {"bankAccount":"SE7151"} 
 2019-04-02 23:00:17,516 ERROR -  Exception occurred : Unauthorized
Stack trace for the exception: [groovyx.net.http.RESTClient.defaultFailureHandler(RESTClient.java:263), sun.reflect.NativeMethodAccessorImpl.invoke0(Native Method), sun.reflect.NativeMethodAccessorImpl.invoke(NativeMethodAccessorImpl.java:62), sun.reflect.DelegatingMethodAccessorImpl.invoke(DelegatingMethodAccessorImpl.java:43), java.lang.reflect.Method.invoke(Method.java:498), org.codehaus.groovy.reflection.CachedMethod.invoke(CachedMethod.java:90), groovy.lang.MetaMethod.doMethodInvoke(MetaMethod.java:324), groovy.lang.MetaClassImpl.invokeMethod(MetaClassImpl.java:1207), groovy.lang.MetaClassImpl.invokeMethod(MetaClassImpl.java:1074), groovy.lang.MetaClassImpl.invokeMethod(MetaClassImpl.java:1016), groovy.lang.Closure.call(Closure.java:423), groovyx.net.http.HTTPBuilder$1.handleResponse(HTTPBuilder.java:494), org.apache.http.impl.client.AbstractHttpClient.execute(AbstractHttpClient.java:1070), org.apache.http.impl.client.AbstractHttpClient.execute(AbstractHttpClient.java:1044), groovyx.net.http.HTTPBuilder.doRequest(HTTPBuilder.java:506), groovyx.net.http.RESTClient.post(RESTClient.java:141), groovyx.net.http.RESTClient$post.call(Unknown Source), org.codehaus.groovy.runtime.callsite.CallSiteArray.defaultCall(CallSiteArray.java:45), org.codehaus.groovy.runtime.callsite.AbstractCallSite.call(AbstractCallSite.java:110), org.codehaus.groovy.runtime.callsite.AbstractCallSite.call(AbstractCallSite.java:122), com.test.flyBot.helper.requestor.invalidRequestToApi(requestor.groovy:76), com.test.flyBot.helper.requestor$invalidRequestToApi$0.call(Unknown Source), org.codehaus.groovy.runtime.callsite.CallSiteArray.defaultCall(CallSiteArray.java:45), org.codehaus.groovy.runtime.callsite.AbstractCallSite.call(AbstractCallSite.java:110), org.codehaus.groovy.runtime.callsite.AbstractCallSite.call(AbstractCallSite.java:122), com.test.flyBot.helper.requestor.specClass.$spock_feature_0_9(specClass.groovy:297), sun.reflect.NativeMethodAccessorImpl.invoke0(Native Method), sun.reflect.NativeMethodAccessorImpl.invoke(NativeMethodAccessorImpl.java:62), sun.reflect.DelegatingMethodAccessorImpl.invoke(DelegatingMethodAccessorImpl.java:43), java.lang.reflect.Method.invoke(Method.java:498), org.spockframework.util.ReflectionUtil.invokeMethod(ReflectionUtil.java:153), org.spockframework.runtime.model.MethodInfo.invoke(MethodInfo.java:84), org.spockframework.runtime.BaseSpecRunner.invokeRaw(BaseSpecRunner.java:480), org.spockframework.runtime.BaseSpecRunner.invoke(BaseSpecRunner.java:463), org.spockframework.runtime.BaseSpecRunner.runFeatureMethod(BaseSpecRunner.java:405), org.spockframework.runtime.BaseSpecRunner.doRunIteration(BaseSpecRunner.java:324), org.spockframework.runtime.BaseSpecRunner$6.invoke(BaseSpecRunner.java:309), org.spockframework.runtime.extension.MethodInvocation.proceed(MethodInvocation.java:88), org.spockframework.runtime.extension.builtin.AbstractRuleInterceptor$1.evaluate(AbstractRuleInterceptor.java:37), org.junit.rules.TestWatcher$1.evaluate(TestWatcher.java:55), org.spockframework.runtime.extension.builtin.TestRuleInterceptor.intercept(TestRuleInterceptor.java:38), org.spockframework.runtime.extension.MethodInvocation.proceed(MethodInvocation.java:87), org.spockframework.runtime.BaseSpecRunner.invoke(BaseSpecRunner.java:471), org.spockframework.runtime.BaseSpecRunner.runIteration(BaseSpecRunner.java:288), org.spockframework.runtime.BaseSpecRunner.initializeAndRunIteration(BaseSpecRunner.java:278), org.spockframework.runtime.BaseSpecRunner.runSimpleFeature(BaseSpecRunner.java:269), org.spockframework.runtime.BaseSpecRunner.doRunFeature(BaseSpecRunner.java:263), org.spockframework.runtime.BaseSpecRunner$5.invoke(BaseSpecRunner.java:246), org.spockframework.runtime.BaseSpecRunner.invokeRaw(BaseSpecRunner.java:480), org.spockframework.runtime.BaseSpecRunner.invoke(BaseSpecRunner.java:463), org.spockframework.runtime.BaseSpecRunner.runFeature(BaseSpecRunner.java:238), org.spockframework.runtime.BaseSpecRunner.runFeatures(BaseSpecRunner.java:188), org.spockframework.runtime.BaseSpecRunner.doRunSpec(BaseSpecRunner.java:98), org.spockframework.runtime.BaseSpecRunner$1.invoke(BaseSpecRunner.java:84), org.spockframework.runtime.BaseSpecRunner.invokeRaw(BaseSpecRunner.java:480), org.spockframework.runtime.BaseSpecRunner.invoke(BaseSpecRunner.java:463), org.spockframework.runtime.BaseSpecRunner.runSpec(BaseSpecRunner.java:76), org.spockframework.runtime.BaseSpecRunner.run(BaseSpecRunner.java:67), org.spockframework.runtime.Sputnik.run(Sputnik.java:63), org.gradle.api.internal.tasks.testing.junit.JUnitTestClassExecuter.runTestClass(JUnitTestClassExecuter.java:114), org.gradle.api.internal.tasks.testing.junit.JUnitTestClassExecuter.execute(JUnitTestClassExecuter.java:57), org.gradle.api.internal.tasks.testing.junit.JUnitTestClassProcessor.processTestClass(JUnitTestClassProcessor.java:66), org.gradle.api.internal.tasks.testing.SuiteTestClassProcessor.processTestClass(SuiteTestClassProcessor.java:51), sun.reflect.NativeMethodAccessorImpl.invoke0(Native Method), sun.reflect.NativeMethodAccessorImpl.invoke(NativeMethodAccessorImpl.java:62), sun.reflect.DelegatingMethodAccessorImpl.invoke(DelegatingMethodAccessorImpl.java:43), java.lang.reflect.Method.invoke(Method.java:498), org.gradle.internal.dispatch.ReflectionDispatch.dispatch(ReflectionDispatch.java:35), org.gradle.internal.dispatch.ReflectionDispatch.dispatch(ReflectionDispatch.java:24), org.gradle.internal.dispatch.ContextClassLoaderDispatch.dispatch(ContextClassLoaderDispatch.java:32), org.gradle.internal.dispatch.ProxyDispatchAdapter$DispatchingInvocationHandler.invoke(ProxyDispatchAdapter.java:93), com.sun.proxy.$Proxy1.processTestClass(Unknown Source), org.gradle.api.internal.tasks.testing.worker.TestWorker.processTestClass(TestWorker.java:108), sun.reflect.NativeMethodAccessorImpl.invoke0(Native Method), sun.reflect.NativeMethodAccessorImpl.invoke(NativeMethodAccessorImpl.java:62), sun.reflect.DelegatingMethodAccessorImpl.invoke(DelegatingMethodAccessorImpl.java:43), java.lang.reflect.Method.invoke(Method.java:498), org.gradle.internal.dispatch.ReflectionDispatch.dispatch(ReflectionDispatch.java:35), org.gradle.internal.dispatch.ReflectionDispatch.dispatch(ReflectionDispatch.java:24), org.gradle.internal.remote.internal.hub.MessageHubBackedObjectConnection$DispatchWrapper.dispatch(MessageHubBackedObjectConnection.java:146), org.gradle.internal.remote.internal.hub.MessageHubBackedObjectConnection$DispatchWrapper.dispatch(MessageHubBackedObjectConnection.java:128), org.gradle.internal.remote.internal.hub.MessageHub$Handler.run(MessageHub.java:404), org.gradle.internal.concurrent.ExecutorPolicy$CatchAndRecordFailures.onExecute(ExecutorPolicy.java:63), org.gradle.internal.concurrent.ManagedExecutorImpl$1.run(ManagedExecutorImpl.java:46), java.util.concurrent.ThreadPoolExecutor.runWorker(ThreadPoolExecutor.java:1149), java.util.concurrent.ThreadPoolExecutor$Worker.run(ThreadPoolExecutor.java:624), org.gradle.internal.concurrent.ThreadFactoryImpl$ManagedThreadRunnable.run(ThreadFactoryImpl.java:55), java.lang.Thread.run(Thread.java:748)] 
 2019-04-02 23:00:17,521 ERROR -  
Response data : {"message":"Authorization has been denied for this request."} 
 2019-04-02 23:00:17,523 INFO  -  This is the response {"message":"Authorization has been denied for this request."} 
 2019-04-02 23:00:17,523 INFO  -  we check if the response is correct or not 
 2019-04-02 23:00:17,524 INFO  -  Expected response is Authorization has been denied for this request. 
 2019-04-02 23:00:17,525 INFO  -  This is the response {"message":"Authorization has been denied for this request."} 
 2019-04-02 23:00:17,525 INFO  -  Response is expected 
 2019-04-02 23:00:17,527 INFO  -  

================================== Scenario (Sync) - Request is made with long (>34) length =======================================
 
 2019-04-02 23:00:17,527 INFO  -  ----------------------------an invalid bank account is provided---------------------------- 
 2019-04-02 23:00:17,528 INFO  -  Bank Account: DK2907297080935272000011236444546464 
 2019-04-02 23:00:17,529 INFO  -  We check for a bank account validation 
 2019-04-02 23:00:17,529 INFO  -  
Request URL: https://dev.horizonafs.com/ecommercerest/api/v3/validate/bank-account
Request data : {"bankAccount":"DK2907297080935272000011236444546464000011236444546464"} 
 2019-04-02 23:00:17,815 ERROR -  Exception occurred : Unauthorized
Stack trace for the exception: [groovyx.net.http.RESTClient.defaultFailureHandler(RESTClient.java:263), sun.reflect.NativeMethodAccessorImpl.invoke0(Native Method), sun.reflect.NativeMethodAccessorImpl.invoke(NativeMethodAccessorImpl.java:62), sun.reflect.DelegatingMethodAccessorImpl.invoke(DelegatingMethodAccessorImpl.java:43), java.lang.reflect.Method.invoke(Method.java:498), org.codehaus.groovy.reflection.CachedMethod.invoke(CachedMethod.java:90), groovy.lang.MetaMethod.doMethodInvoke(MetaMethod.java:324), groovy.lang.MetaClassImpl.invokeMethod(MetaClassImpl.java:1207), groovy.lang.MetaClassImpl.invokeMethod(MetaClassImpl.java:1074), groovy.lang.MetaClassImpl.invokeMethod(MetaClassImpl.java:1016), groovy.lang.Closure.call(Closure.java:423), groovyx.net.http.HTTPBuilder$1.handleResponse(HTTPBuilder.java:494), org.apache.http.impl.client.AbstractHttpClient.execute(AbstractHttpClient.java:1070), org.apache.http.impl.client.AbstractHttpClient.execute(AbstractHttpClient.java:1044), groovyx.net.http.HTTPBuilder.doRequest(HTTPBuilder.java:506), groovyx.net.http.RESTClient.post(RESTClient.java:141), groovyx.net.http.RESTClient$post.call(Unknown Source), com.test.flyBot.helper.requestor.invalidRequestToApi(requestor.groovy:76), com.test.flyBot.helper.requestor$invalidRequestToApi$0.call(Unknown Source), org.codehaus.groovy.runtime.callsite.CallSiteArray.defaultCall(CallSiteArray.java:45), org.codehaus.groovy.runtime.callsite.AbstractCallSite.call(AbstractCallSite.java:110), org.codehaus.groovy.runtime.callsite.AbstractCallSite.call(AbstractCallSite.java:122), com.test.flyBot.helper.requestor.specClass.$spock_feature_0_10(specClass.groovy:321), sun.reflect.NativeMethodAccessorImpl.invoke0(Native Method), sun.reflect.NativeMethodAccessorImpl.invoke(NativeMethodAccessorImpl.java:62), sun.reflect.DelegatingMethodAccessorImpl.invoke(DelegatingMethodAccessorImpl.java:43), java.lang.reflect.Method.invoke(Method.java:498), org.spockframework.util.ReflectionUtil.invokeMethod(ReflectionUtil.java:153), org.spockframework.runtime.model.MethodInfo.invoke(MethodInfo.java:84), org.spockframework.runtime.BaseSpecRunner.invokeRaw(BaseSpecRunner.java:480), org.spockframework.runtime.BaseSpecRunner.invoke(BaseSpecRunner.java:463), org.spockframework.runtime.BaseSpecRunner.runFeatureMethod(BaseSpecRunner.java:405), org.spockframework.runtime.BaseSpecRunner.doRunIteration(BaseSpecRunner.java:324), org.spockframework.runtime.BaseSpecRunner$6.invoke(BaseSpecRunner.java:309), org.spockframework.runtime.extension.MethodInvocation.proceed(MethodInvocation.java:88), org.spockframework.runtime.extension.builtin.AbstractRuleInterceptor$1.evaluate(AbstractRuleInterceptor.java:37), org.junit.rules.TestWatcher$1.evaluate(TestWatcher.java:55), org.spockframework.runtime.extension.builtin.TestRuleInterceptor.intercept(TestRuleInterceptor.java:38), org.spockframework.runtime.extension.MethodInvocation.proceed(MethodInvocation.java:87), org.spockframework.runtime.BaseSpecRunner.invoke(BaseSpecRunner.java:471), org.spockframework.runtime.BaseSpecRunner.runIteration(BaseSpecRunner.java:288), org.spockframework.runtime.BaseSpecRunner.initializeAndRunIteration(BaseSpecRunner.java:278), org.spockframework.runtime.BaseSpecRunner.runSimpleFeature(BaseSpecRunner.java:269), org.spockframework.runtime.BaseSpecRunner.doRunFeature(BaseSpecRunner.java:263), org.spockframework.runtime.BaseSpecRunner$5.invoke(BaseSpecRunner.java:246), org.spockframework.runtime.BaseSpecRunner.invokeRaw(BaseSpecRunner.java:480), org.spockframework.runtime.BaseSpecRunner.invoke(BaseSpecRunner.java:463), org.spockframework.runtime.BaseSpecRunner.runFeature(BaseSpecRunner.java:238), org.spockframework.runtime.BaseSpecRunner.runFeatures(BaseSpecRunner.java:188), org.spockframework.runtime.BaseSpecRunner.doRunSpec(BaseSpecRunner.java:98), org.spockframework.runtime.BaseSpecRunner$1.invoke(BaseSpecRunner.java:84), org.spockframework.runtime.BaseSpecRunner.invokeRaw(BaseSpecRunner.java:480), org.spockframework.runtime.BaseSpecRunner.invoke(BaseSpecRunner.java:463), org.spockframework.runtime.BaseSpecRunner.runSpec(BaseSpecRunner.java:76), org.spockframework.runtime.BaseSpecRunner.run(BaseSpecRunner.java:67), org.spockframework.runtime.Sputnik.run(Sputnik.java:63), org.gradle.api.internal.tasks.testing.junit.JUnitTestClassExecuter.runTestClass(JUnitTestClassExecuter.java:114), org.gradle.api.internal.tasks.testing.junit.JUnitTestClassExecuter.execute(JUnitTestClassExecuter.java:57), org.gradle.api.internal.tasks.testing.junit.JUnitTestClassProcessor.processTestClass(JUnitTestClassProcessor.java:66), org.gradle.api.internal.tasks.testing.SuiteTestClassProcessor.processTestClass(SuiteTestClassProcessor.java:51), sun.reflect.NativeMethodAccessorImpl.invoke0(Native Method), sun.reflect.NativeMethodAccessorImpl.invoke(NativeMethodAccessorImpl.java:62), sun.reflect.DelegatingMethodAccessorImpl.invoke(DelegatingMethodAccessorImpl.java:43), java.lang.reflect.Method.invoke(Method.java:498), org.gradle.internal.dispatch.ReflectionDispatch.dispatch(ReflectionDispatch.java:35), org.gradle.internal.dispatch.ReflectionDispatch.dispatch(ReflectionDispatch.java:24), org.gradle.internal.dispatch.ContextClassLoaderDispatch.dispatch(ContextClassLoaderDispatch.java:32), org.gradle.internal.dispatch.ProxyDispatchAdapter$DispatchingInvocationHandler.invoke(ProxyDispatchAdapter.java:93), com.sun.proxy.$Proxy1.processTestClass(Unknown Source), org.gradle.api.internal.tasks.testing.worker.TestWorker.processTestClass(TestWorker.java:108), sun.reflect.NativeMethodAccessorImpl.invoke0(Native Method), sun.reflect.NativeMethodAccessorImpl.invoke(NativeMethodAccessorImpl.java:62), sun.reflect.DelegatingMethodAccessorImpl.invoke(DelegatingMethodAccessorImpl.java:43), java.lang.reflect.Method.invoke(Method.java:498), org.gradle.internal.dispatch.ReflectionDispatch.dispatch(ReflectionDispatch.java:35), org.gradle.internal.dispatch.ReflectionDispatch.dispatch(ReflectionDispatch.java:24), org.gradle.internal.remote.internal.hub.MessageHubBackedObjectConnection$DispatchWrapper.dispatch(MessageHubBackedObjectConnection.java:146), org.gradle.internal.remote.internal.hub.MessageHubBackedObjectConnection$DispatchWrapper.dispatch(MessageHubBackedObjectConnection.java:128), org.gradle.internal.remote.internal.hub.MessageHub$Handler.run(MessageHub.java:404), org.gradle.internal.concurrent.ExecutorPolicy$CatchAndRecordFailures.onExecute(ExecutorPolicy.java:63), org.gradle.internal.concurrent.ManagedExecutorImpl$1.run(ManagedExecutorImpl.java:46), java.util.concurrent.ThreadPoolExecutor.runWorker(ThreadPoolExecutor.java:1149), java.util.concurrent.ThreadPoolExecutor$Worker.run(ThreadPoolExecutor.java:624), org.gradle.internal.concurrent.ThreadFactoryImpl$ManagedThreadRunnable.run(ThreadFactoryImpl.java:55), java.lang.Thread.run(Thread.java:748)] 
 2019-04-02 23:00:17,819 ERROR -  
Response data : {"message":"Authorization has been denied for this request."} 
 2019-04-02 23:00:17,820 INFO  -  This is the response {"message":"Authorization has been denied for this request."} 
 2019-04-02 23:00:17,821 INFO  -  we check if the response is correct or not 
 2019-04-02 23:00:17,822 INFO  -  Expected response is Authorization has been denied for this request. 
 2019-04-02 23:00:17,823 INFO  -  This is the response {"message":"Authorization has been denied for this request."} 
 2019-04-02 23:00:17,824 INFO  -  Response is expected 
 ]]></system-out>
  <system-err><![CDATA[]]></system-err>
</testsuite>
